w:\c++ workspace\project\terg\debug\terg\vc140.pdb
w:\c++ workspace\project\terg\debug\terg\vc140.idb
w:\c++ workspace\project\terg\debug\terg\glew.obj
w:\c++ workspace\project\terg\debug\terg\terrain.obj
w:\c++ workspace\project\terg\debug\terg\glwindow.obj
w:\c++ workspace\project\terg\debug\terg\main.obj
w:\c++ workspace\project\terg\debug\terg\block.obj
w:\c++ workspace\project\terg\debug\terg\chunk.obj
w:\c++ workspace\project\terg\debug\terg\mob.obj
w:\c++ workspace\project\terg\debug\terg\object.obj
w:\c++ workspace\project\terg\debug\terg\physics.obj
w:\c++ workspace\project\terg\debug\terg\player.obj
w:\c++ workspace\project\terg\debug\terg\shader.obj
w:\c++ workspace\project\debug\terg.pdb
w:\c++ workspace\project\terg\debug\terg\terg.tlog\link.read.1.tlog
w:\c++ workspace\project\terg\debug\terg\terg.tlog\cl.read.1.tlog
w:\c++ workspace\project\terg\debug\terg\terg.tlog\cl.write.1.tlog
w:\c++ workspace\project\terg\debug\terg\terg.tlog\cl.command.1.tlog
w:\c++ workspace\project\terg\debug\terg\terg.tlog\link.command.1.tlog
w:\c++ workspace\project\terg\debug\terg\terg.tlog\link-rc.read.1.tlog
w:\c++ workspace\project\terg\debug\terg\terg.tlog\link-rc.write.1.tlog
w:\c++ workspace\project\terg\debug\terg\terg.tlog\link-cvtres.read.1.tlog
w:\c++ workspace\project\terg\debug\terg\terg.tlog\link.write.1.tlog
w:\c++ workspace\project\terg\debug\terg\terg.tlog\link-cvtres.write.1.tlog
