g:\c++ workspace\project\project\debug\vc140.pdb
g:\c++ workspace\project\project\debug\vc140.idb
g:\c++ workspace\project\project\debug\glew.obj
g:\c++ workspace\project\project\debug\main.obj
g:\c++ workspace\project\project\debug\quaternion.obj
g:\c++ workspace\project\project\debug\texloader.obj
g:\c++ workspace\project\project\debug\utils.obj
g:\c++ workspace\project\project\debug\gltest.obj
d:\c++ workspace\project\project\debug\vc140.pdb
d:\c++ workspace\project\project\debug\vc140.idb
d:\c++ workspace\project\project\debug\glew.obj
d:\c++ workspace\project\project\debug\main.obj
d:\c++ workspace\project\project\debug\quaternion.obj
d:\c++ workspace\project\project\debug\texloader.obj
d:\c++ workspace\project\project\debug\utils.obj
g:\c++ workspace\project\debug\project.ilk
g:\c++ workspace\project\debug\project.exe
g:\c++ workspace\project\debug\project.pdb
d:\c++ workspace\project\debug\project.ilk
d:\c++ workspace\project\debug\project.exe
d:\c++ workspace\project\debug\project.pdb
w:\c++ workspace\project\project\debug\glew.obj
w:\c++ workspace\project\project\debug\glewinfo.obj
w:\c++ workspace\project\project\debug\gltest.obj
w:\c++ workspace\project\project\debug\main.obj
w:\c++ workspace\project\project\debug\quaternion.obj
w:\c++ workspace\project\project\debug\texloader.obj
w:\c++ workspace\project\project\debug\utils.obj
w:\c++ workspace\project\project\debug\visualinfo.obj
w:\c++ workspace\project\project\debug\vc140.idb
w:\c++ workspace\project\project\debug\vc140.pdb
w:\c++ workspace\project\debug\project.pdb
w:\c++ workspace\project\debug\project.exe
w:\c++ workspace\project\debug\project.ilk
w:\c++ workspace\project\project\debug\project.tlog\cl.command.1.tlog
w:\c++ workspace\project\project\debug\project.tlog\cl.read.1.tlog
w:\c++ workspace\project\project\debug\project.tlog\cl.write.1.tlog
w:\c++ workspace\project\project\debug\project.tlog\link.command.1.tlog
w:\c++ workspace\project\project\debug\project.tlog\link.read.1.tlog
w:\c++ workspace\project\project\debug\project.tlog\link.write.1.tlog
